<?xml version="1.0" encoding="UTF-8"?>
<!-- Generated by org.testng.reporters.JUnitXMLReporter -->
<testsuite ignored="0" hostname="Poovannas-Thinkpad" failures="0" tests="5" name="Test" time="87.599" errors="0" timestamp="2024-09-07T19:01:47 IST">
  <testcase classname="testcases.Qkart_project" name="testClass1" time="0.427"/>
  <testcase classname="testcases.Qkart_project" name="testClass2" time="0.053"/>
  <testcase classname="testcases.Qkart_project" name="testClass3" time="0.077"/>
  <testcase classname="testcases.Qkart_project" name="testClass4" time="6.744"/>
  <testcase classname="testcases.Qkart_project" name="testClass5" time="46.088"/>
</testsuite> <!-- Test -->
